2016-11-18 14:53:50.790+0000 INFO  [o.n.k.i.f.CommunityFacadeFactory] No locking implementation specified, defaulting to 'community'
2016-11-18 14:53:50.847+0000 INFO  [o.n.k.AvailabilityGuard] Requirement makes database unavailable: Database available
2016-11-18 14:53:50.862+0000 INFO  [o.n.k.i.DiagnosticsManager] --- INITIALIZED diagnostics START ---
2016-11-18 14:53:50.862+0000 INFO  [o.n.k.i.DiagnosticsManager] Neo4j Kernel properties:
2016-11-18 14:53:50.862+0000 INFO  [o.n.k.i.DiagnosticsManager] dbms.connector.http.enabled=true
2016-11-18 14:53:50.863+0000 INFO  [o.n.k.i.DiagnosticsManager] dbms.security.auth_enabled=false
2016-11-18 14:53:50.863+0000 INFO  [o.n.k.i.DiagnosticsManager] dbms.connector.bolt.type=BOLT
2016-11-18 14:53:50.863+0000 INFO  [o.n.k.i.DiagnosticsManager] unsupported.dbms.directories.neo4j_home=/home/todoroki-ubuntu/RubymineProjects/rails_sync_test/db/neo4j/development
2016-11-18 14:53:50.863+0000 INFO  [o.n.k.i.DiagnosticsManager] dbms.directories.import=import
2016-11-18 14:53:50.863+0000 INFO  [o.n.k.i.DiagnosticsManager] dbms.connector.bolt.tls_level=OPTIONAL
2016-11-18 14:53:50.863+0000 INFO  [o.n.k.i.DiagnosticsManager] dbms.shell.enabled=true
2016-11-18 14:53:50.863+0000 INFO  [o.n.k.i.DiagnosticsManager] dbms.connector.https.address=localhost:7473
2016-11-18 14:53:50.863+0000 INFO  [o.n.k.i.DiagnosticsManager] dbms.connector.https.enabled=false
2016-11-18 14:53:50.863+0000 INFO  [o.n.k.i.DiagnosticsManager] dbms.connector.http.type=HTTP
2016-11-18 14:53:50.863+0000 INFO  [o.n.k.i.DiagnosticsManager] dbms.connector.https.encryption=TLS
2016-11-18 14:53:50.863+0000 INFO  [o.n.k.i.DiagnosticsManager] dbms.connector.https.type=HTTP
2016-11-18 14:53:50.863+0000 INFO  [o.n.k.i.DiagnosticsManager] unsupported.dbms.security.auth_store.location=data/dbms/auth
2016-11-18 14:53:50.864+0000 INFO  [o.n.k.i.DiagnosticsManager] unsupported.dbms.edition=community
2016-11-18 14:53:50.864+0000 INFO  [o.n.k.i.DiagnosticsManager] dbms.connector.bolt.address=localhost:7472
2016-11-18 14:53:50.864+0000 INFO  [o.n.k.i.DiagnosticsManager] dbms.connector.http.address=localhost:7474
2016-11-18 14:53:50.864+0000 INFO  [o.n.k.i.DiagnosticsManager] dbms.connector.bolt.enabled=true
2016-11-18 14:53:50.864+0000 INFO  [o.n.k.i.DiagnosticsManager] Diagnostics providers:
2016-11-18 14:53:50.864+0000 INFO  [o.n.k.i.DiagnosticsManager] org.neo4j.kernel.configuration.Config
2016-11-18 14:53:50.864+0000 INFO  [o.n.k.i.DiagnosticsManager] org.neo4j.kernel.info.DiagnosticsManager
2016-11-18 14:53:50.864+0000 INFO  [o.n.k.i.DiagnosticsManager] SYSTEM_MEMORY
2016-11-18 14:53:50.864+0000 INFO  [o.n.k.i.DiagnosticsManager] JAVA_MEMORY
2016-11-18 14:53:50.864+0000 INFO  [o.n.k.i.DiagnosticsManager] OPERATING_SYSTEM
2016-11-18 14:53:50.864+0000 INFO  [o.n.k.i.DiagnosticsManager] JAVA_VIRTUAL_MACHINE
2016-11-18 14:53:50.864+0000 INFO  [o.n.k.i.DiagnosticsManager] CLASSPATH
2016-11-18 14:53:50.864+0000 INFO  [o.n.k.i.DiagnosticsManager] LIBRARY_PATH
2016-11-18 14:53:50.864+0000 INFO  [o.n.k.i.DiagnosticsManager] SYSTEM_PROPERTIES
2016-11-18 14:53:50.864+0000 INFO  [o.n.k.i.DiagnosticsManager] LINUX_SCHEDULERS
2016-11-18 14:53:50.864+0000 INFO  [o.n.k.i.DiagnosticsManager] NETWORK
2016-11-18 14:53:50.864+0000 INFO  [o.n.k.i.DiagnosticsManager] System memory information:
2016-11-18 14:53:50.866+0000 INFO  [o.n.k.i.DiagnosticsManager] Total Physical memory: 15.47 GB
2016-11-18 14:53:50.866+0000 INFO  [o.n.k.i.DiagnosticsManager] Free Physical memory: 3.20 GB
2016-11-18 14:53:50.867+0000 INFO  [o.n.k.i.DiagnosticsManager] Committed virtual memory: 6.77 GB
2016-11-18 14:53:50.867+0000 INFO  [o.n.k.i.DiagnosticsManager] Total swap space: 3.73 GB
2016-11-18 14:53:50.867+0000 INFO  [o.n.k.i.DiagnosticsManager] Free swap space: 1.33 GB
2016-11-18 14:53:50.867+0000 INFO  [o.n.k.i.DiagnosticsManager] JVM memory information:
2016-11-18 14:53:50.867+0000 INFO  [o.n.k.i.DiagnosticsManager] Free  memory: 188.93 MB
2016-11-18 14:53:50.867+0000 INFO  [o.n.k.i.DiagnosticsManager] Total memory: 248.00 MB
2016-11-18 14:53:50.867+0000 INFO  [o.n.k.i.DiagnosticsManager] Max   memory: 3.87 GB
2016-11-18 14:53:50.869+0000 INFO  [o.n.k.i.DiagnosticsManager] Garbage Collector: G1 Young Generation: [G1 Eden Space, G1 Survivor Space]
2016-11-18 14:53:50.869+0000 INFO  [o.n.k.i.DiagnosticsManager] Garbage Collector: G1 Old Generation: [G1 Eden Space, G1 Survivor Space, G1 Old Gen]
2016-11-18 14:53:50.870+0000 INFO  [o.n.k.i.DiagnosticsManager] Memory Pool: Code Cache (Non-heap memory): committed=3.63 MB, used=3.57 MB, max=240.00 MB, threshold=0.00 B
2016-11-18 14:53:50.870+0000 INFO  [o.n.k.i.DiagnosticsManager] Memory Pool: Metaspace (Non-heap memory): committed=10.75 MB, used=10.10 MB, max=-1.00 B, threshold=0.00 B
2016-11-18 14:53:50.870+0000 INFO  [o.n.k.i.DiagnosticsManager] Memory Pool: Compressed Class Space (Non-heap memory): committed=1.50 MB, used=1.30 MB, max=1.00 GB, threshold=0.00 B
2016-11-18 14:53:50.870+0000 INFO  [o.n.k.i.DiagnosticsManager] Memory Pool: G1 Eden Space (Heap memory): committed=52.00 MB, used=42.00 MB, max=-1.00 B, threshold=?
2016-11-18 14:53:50.871+0000 INFO  [o.n.k.i.DiagnosticsManager] Memory Pool: G1 Survivor Space (Heap memory): committed=3.00 MB, used=3.00 MB, max=-1.00 B, threshold=?
2016-11-18 14:53:50.871+0000 INFO  [o.n.k.i.DiagnosticsManager] Memory Pool: G1 Old Gen (Heap memory): committed=193.00 MB, used=13.56 MB, max=3.87 GB, threshold=0.00 B
2016-11-18 14:53:50.871+0000 INFO  [o.n.k.i.DiagnosticsManager] Operating system information:
2016-11-18 14:53:50.871+0000 INFO  [o.n.k.i.DiagnosticsManager] Operating System: Linux; version: 4.4.0-46-lowlatency; arch: amd64; cpus: 4
2016-11-18 14:53:50.871+0000 INFO  [o.n.k.i.DiagnosticsManager] Max number of file descriptors: 4096
2016-11-18 14:53:50.871+0000 INFO  [o.n.k.i.DiagnosticsManager] Number of open file descriptors: 87
2016-11-18 14:53:50.874+0000 INFO  [o.n.k.i.DiagnosticsManager] Process id: 27457@todoroki-ubuntu-VAIOZ
2016-11-18 14:53:50.874+0000 INFO  [o.n.k.i.DiagnosticsManager] Byte order: LITTLE_ENDIAN
2016-11-18 14:53:50.874+0000 INFO  [o.n.k.i.DiagnosticsManager] Local timezone: Asia/Tokyo
2016-11-18 14:53:50.874+0000 INFO  [o.n.k.i.DiagnosticsManager] JVM information:
2016-11-18 14:53:50.874+0000 INFO  [o.n.k.i.DiagnosticsManager] VM Name: Java HotSpot(TM) 64-Bit Server VM
2016-11-18 14:53:50.874+0000 INFO  [o.n.k.i.DiagnosticsManager] VM Vendor: Oracle Corporation
2016-11-18 14:53:50.874+0000 INFO  [o.n.k.i.DiagnosticsManager] VM Version: 25.111-b14
2016-11-18 14:53:50.875+0000 INFO  [o.n.k.i.DiagnosticsManager] JIT compiler: HotSpot 64-Bit Tiered Compilers
2016-11-18 14:53:50.875+0000 INFO  [o.n.k.i.DiagnosticsManager] VM Arguments: [-XX:+UseG1GC, -XX:-OmitStackTraceInFastThrow, -XX:hashCode=5, -XX:+AlwaysPreTouch, -XX:+UnlockExperimentalVMOptions, -XX:+TrustFinalNonStaticFields, -XX:+DisableExplicitGC, -Djdk.tls.ephemeralDHKeySize=2048, -Dunsupported.dbms.udc.source=tarball, -Dfile.encoding=UTF-8]
2016-11-18 14:53:50.875+0000 INFO  [o.n.k.i.DiagnosticsManager] Java classpath:
2016-11-18 14:53:50.876+0000 INFO  [o.n.k.i.DiagnosticsManager]  [classpath + loader.0] file:/home/todoroki-ubuntu/RubymineProjects/rails_sync_test/db/neo4j/development/lib/mimepull-1.9.3.jar
2016-11-18 14:53:50.876+0000 INFO  [o.n.k.i.DiagnosticsManager]  [classpath + loader.0] file:/home/todoroki-ubuntu/RubymineProjects/rails_sync_test/db/neo4j/development/lib/neo4j-udc-3.0.7.jar
2016-11-18 14:53:50.876+0000 INFO  [o.n.k.i.DiagnosticsManager]  [classpath + loader.0] file:/home/todoroki-ubuntu/RubymineProjects/rails_sync_test/db/neo4j/development/lib/jersey-server-1.19.jar
2016-11-18 14:53:50.877+0000 INFO  [o.n.k.i.DiagnosticsManager]  [classpath + loader.0] file:/home/todoroki-ubuntu/RubymineProjects/rails_sync_test/db/neo4j/development/lib/parboiled-core-1.1.7.jar
2016-11-18 14:53:50.877+0000 INFO  [o.n.k.i.DiagnosticsManager]  [classpath + loader.0] file:/home/todoroki-ubuntu/RubymineProjects/rails_sync_test/db/neo4j/development/lib/neo4j-bolt-3.0.7.jar
2016-11-18 14:53:50.877+0000 INFO  [o.n.k.i.DiagnosticsManager]  [classpath + loader.0] file:/home/todoroki-ubuntu/RubymineProjects/rails_sync_test/db/neo4j/development/lib/scala-library-2.11.8.jar
2016-11-18 14:53:50.877+0000 INFO  [o.n.k.i.DiagnosticsManager]  [classpath + loader.0] file:/home/todoroki-ubuntu/RubymineProjects/rails_sync_test/db/neo4j/development/lib/jetty-xml-9.2.9.v20150224.jar
2016-11-18 14:53:50.877+0000 INFO  [o.n.k.i.DiagnosticsManager]  [classpath + loader.0] file:/home/todoroki-ubuntu/RubymineProjects/rails_sync_test/db/neo4j/development/lib/neo4j-io-3.0.7.jar
2016-11-18 14:53:50.877+0000 INFO  [o.n.k.i.DiagnosticsManager]  [classpath + loader.0] file:/home/todoroki-ubuntu/RubymineProjects/rails_sync_test/db/neo4j/development/lib/neo4j-graph-matching-3.0.7.jar
2016-11-18 14:53:50.877+0000 INFO  [o.n.k.i.DiagnosticsManager]  [classpath + loader.0] file:/home/todoroki-ubuntu/RubymineProjects/rails_sync_test/db/neo4j/development/lib/neo4j-codegen-3.0.7.jar
2016-11-18 14:53:50.877+0000 INFO  [o.n.k.i.DiagnosticsManager]  [classpath + loader.0] file:/home/todoroki-ubuntu/RubymineProjects/rails_sync_test/db/neo4j/development/lib/jackson-core-asl-1.9.13.jar
2016-11-18 14:53:50.877+0000 INFO  [o.n.k.i.DiagnosticsManager]  [classpath + loader.0] file:/home/todoroki-ubuntu/RubymineProjects/rails_sync_test/db/neo4j/development/lib/scala-reflect-2.11.8.jar
2016-11-18 14:53:50.877+0000 INFO  [o.n.k.i.DiagnosticsManager]  [classpath + loader.0] file:/home/todoroki-ubuntu/RubymineProjects/rails_sync_test/db/neo4j/development/lib/commons-lang3-3.3.2.jar
2016-11-18 14:53:50.877+0000 INFO  [o.n.k.i.DiagnosticsManager]  [loader.1] file:/usr/lib/jvm/java-8-oracle/jre/lib/ext/jfxrt.jar
2016-11-18 14:53:50.877+0000 INFO  [o.n.k.i.DiagnosticsManager]  [loader.1] file:/usr/lib/jvm/java-8-oracle/jre/lib/ext/zipfs.jar
2016-11-18 14:53:50.877+0000 INFO  [o.n.k.i.DiagnosticsManager]  [bootstrap] /usr/lib/jvm/java-8-oracle/jre/lib/jce.jar
2016-11-18 14:53:50.877+0000 INFO  [o.n.k.i.DiagnosticsManager]  [classpath + loader.0] file:/home/todoroki-ubuntu/RubymineProjects/rails_sync_test/db/neo4j/development/lib/jetty-servlet-9.2.9.v20150224.jar
2016-11-18 14:53:50.877+0000 INFO  [o.n.k.i.DiagnosticsManager]  [classpath + loader.0] file:/home/todoroki-ubuntu/RubymineProjects/rails_sync_test/db/neo4j/development/lib/neo4j-unsafe-3.0.7.jar
2016-11-18 14:53:50.877+0000 INFO  [o.n.k.i.DiagnosticsManager]  [classpath + loader.0] file:/home/todoroki-ubuntu/RubymineProjects/rails_sync_test/db/neo4j/development/lib/jsr311-api-1.1.2.r612.jar
2016-11-18 14:53:50.877+0000 INFO  [o.n.k.i.DiagnosticsManager]  [classpath + loader.0] file:/home/todoroki-ubuntu/RubymineProjects/rails_sync_test/db/neo4j/development/lib/jackson-mapper-asl-1.9.13.jar
2016-11-18 14:53:50.877+0000 INFO  [o.n.k.i.DiagnosticsManager]  [classpath + loader.0] file:/home/todoroki-ubuntu/RubymineProjects/rails_sync_test/db/neo4j/development/lib/opencsv-2.3.jar
2016-11-18 14:53:50.877+0000 INFO  [o.n.k.i.DiagnosticsManager]  [classpath + loader.0] file:/home/todoroki-ubuntu/RubymineProjects/rails_sync_test/db/neo4j/development/lib/neo4j-primitive-collections-3.0.7.jar
2016-11-18 14:53:50.877+0000 INFO  [o.n.k.i.DiagnosticsManager]  [classpath + loader.0] file:/home/todoroki-ubuntu/RubymineProjects/rails_sync_test/db/neo4j/development/lib/jetty-io-9.2.9.v20150224.jar
2016-11-18 14:53:50.877+0000 INFO  [o.n.k.i.DiagnosticsManager]  [classpath + loader.0] file:/home/todoroki-ubuntu/RubymineProjects/rails_sync_test/db/neo4j/development/plugins/
2016-11-18 14:53:50.877+0000 INFO  [o.n.k.i.DiagnosticsManager]  [classpath + loader.0] file:/home/todoroki-ubuntu/RubymineProjects/rails_sync_test/db/neo4j/development/lib/bcpkix-jdk15on-1.53.jar
2016-11-18 14:53:50.877+0000 INFO  [o.n.k.i.DiagnosticsManager]  [classpath + loader.0] file:/home/todoroki-ubuntu/RubymineProjects/rails_sync_test/db/neo4j/development/lib/neo4j-dbms-3.0.7.jar
2016-11-18 14:53:50.877+0000 INFO  [o.n.k.i.DiagnosticsManager]  [classpath + loader.0] file:/home/todoroki-ubuntu/RubymineProjects/rails_sync_test/db/neo4j/development/lib/commons-digester-2.1.jar
2016-11-18 14:53:50.877+0000 INFO  [o.n.k.i.DiagnosticsManager]  [classpath + loader.0] file:/home/todoroki-ubuntu/RubymineProjects/rails_sync_test/db/neo4j/development/lib/commons-configuration-1.10.jar
2016-11-18 14:53:50.877+0000 INFO  [o.n.k.i.DiagnosticsManager]  [classpath + loader.0] file:/home/todoroki-ubuntu/RubymineProjects/rails_sync_test/db/neo4j/development/lib/lucene-queryparser-5.5.0.jar
2016-11-18 14:53:50.877+0000 INFO  [o.n.k.i.DiagnosticsManager]  [classpath + loader.0] file:/home/todoroki-ubuntu/RubymineProjects/rails_sync_test/db/neo4j/development/lib/neo4j-kernel-3.0.7.jar
2016-11-18 14:53:50.877+0000 INFO  [o.n.k.i.DiagnosticsManager]  [loader.1] file:/usr/lib/jvm/java-8-oracle/jre/lib/ext/jaccess.jar
2016-11-18 14:53:50.877+0000 INFO  [o.n.k.i.DiagnosticsManager]  [classpath + loader.0] file:/home/todoroki-ubuntu/RubymineProjects/rails_sync_test/db/neo4j/development/lib/neo4j-server-3.0.7.jar
2016-11-18 14:53:50.877+0000 INFO  [o.n.k.i.DiagnosticsManager]  [classpath + loader.0] file:/home/todoroki-ubuntu/RubymineProjects/rails_sync_test/db/neo4j/development/lib/jetty-server-9.2.9.v20150224.jar
2016-11-18 14:53:50.877+0000 INFO  [o.n.k.i.DiagnosticsManager]  [classpath + loader.0] file:/home/todoroki-ubuntu/RubymineProjects/rails_sync_test/db/neo4j/development/lib/server-api-3.0.7.jar
2016-11-18 14:53:50.878+0000 INFO  [o.n.k.i.DiagnosticsManager]  [bootstrap] /usr/lib/jvm/java-8-oracle/jre/lib/jfr.jar
2016-11-18 14:53:50.878+0000 INFO  [o.n.k.i.DiagnosticsManager]  [classpath + loader.0] file:/home/todoroki-ubuntu/RubymineProjects/rails_sync_test/db/neo4j/development/lib/neo4j-cypher-frontend-2.3-2.3.7.jar
2016-11-18 14:53:50.878+0000 INFO  [o.n.k.i.DiagnosticsManager]  [classpath + loader.0] file:/home/todoroki-ubuntu/RubymineProjects/rails_sync_test/db/neo4j/development/lib/neo4j-collections-3.0.7.jar
2016-11-18 14:53:50.878+0000 INFO  [o.n.k.i.DiagnosticsManager]  [classpath + loader.0] file:/home/todoroki-ubuntu/RubymineProjects/rails_sync_test/db/neo4j/development/lib/neo4j-resource-3.0.7.jar
2016-11-18 14:53:50.878+0000 INFO  [o.n.k.i.DiagnosticsManager]  [loader.1] file:/usr/lib/jvm/java-8-oracle/jre/lib/ext/sunpkcs11.jar
2016-11-18 14:53:50.878+0000 INFO  [o.n.k.i.DiagnosticsManager]  [classpath + loader.0] file:/home/todoroki-ubuntu/RubymineProjects/rails_sync_test/db/neo4j/development/lib/lucene-analyzers-common-5.5.0.jar
2016-11-18 14:53:50.878+0000 INFO  [o.n.k.i.DiagnosticsManager]  [classpath + loader.0] file:/home/todoroki-ubuntu/RubymineProjects/rails_sync_test/db/neo4j/development/lib/bcprov-jdk15on-1.53.jar
2016-11-18 14:53:50.878+0000 INFO  [o.n.k.i.DiagnosticsManager]  [classpath + loader.0] file:/home/todoroki-ubuntu/RubymineProjects/rails_sync_test/db/neo4j/development/lib/jetty-security-9.2.9.v20150224.jar
2016-11-18 14:53:50.878+0000 INFO  [o.n.k.i.DiagnosticsManager]  [classpath + loader.0] file:/home/todoroki-ubuntu/RubymineProjects/rails_sync_test/db/neo4j/development/lib/commons-lang-2.6.jar
2016-11-18 14:53:50.878+0000 INFO  [o.n.k.i.DiagnosticsManager]  [classpath + loader.0] file:/home/todoroki-ubuntu/RubymineProjects/rails_sync_test/db/neo4j/development/lib/neo4j-consistency-check-3.0.7.jar
2016-11-18 14:53:50.878+0000 INFO  [o.n.k.i.DiagnosticsManager]  [classpath + loader.0] file:/home/todoroki-ubuntu/RubymineProjects/rails_sync_test/db/neo4j/development/lib/neo4j-csv-3.0.7.jar
2016-11-18 14:53:50.878+0000 INFO  [o.n.k.i.DiagnosticsManager]  [classpath + loader.0] file:/home/todoroki-ubuntu/RubymineProjects/rails_sync_test/db/neo4j/development/lib/neo4j-logging-3.0.7.jar
2016-11-18 14:53:50.878+0000 INFO  [o.n.k.i.DiagnosticsManager]  [classpath + loader.0] file:/home/todoroki-ubuntu/RubymineProjects/rails_sync_test/db/neo4j/development/lib/jersey-multipart-1.19.jar
2016-11-18 14:53:50.878+0000 INFO  [o.n.k.i.DiagnosticsManager]  [classpath + loader.0] file:/home/todoroki-ubuntu/RubymineProjects/rails_sync_test/db/neo4j/development/lib/rhino-1.7R4.jar
2016-11-18 14:53:50.878+0000 INFO  [o.n.k.i.DiagnosticsManager]  [bootstrap] /usr/lib/jvm/java-8-oracle/jre/lib/rt.jar
2016-11-18 14:53:50.878+0000 INFO  [o.n.k.i.DiagnosticsManager]  [classpath + loader.0] file:/home/todoroki-ubuntu/RubymineProjects/rails_sync_test/db/neo4j/development/lib/javax.servlet-api-3.1.0.jar
2016-11-18 14:53:50.878+0000 INFO  [o.n.k.i.DiagnosticsManager]  [classpath + loader.0] file:/home/todoroki-ubuntu/RubymineProjects/rails_sync_test/db/neo4j/development/lib/jetty-http-9.2.9.v20150224.jar
2016-11-18 14:53:50.878+0000 INFO  [o.n.k.i.DiagnosticsManager]  [classpath + loader.0] file:/home/todoroki-ubuntu/RubymineProjects/rails_sync_test/db/neo4j/development/lib/lucene-core-5.5.0.jar
2016-11-18 14:53:50.878+0000 INFO  [o.n.k.i.DiagnosticsManager]  [bootstrap] /usr/lib/jvm/java-8-oracle/jre/lib/jsse.jar
2016-11-18 14:53:50.878+0000 INFO  [o.n.k.i.DiagnosticsManager]  [classpath + loader.0] file:/home/todoroki-ubuntu/RubymineProjects/rails_sync_test/db/neo4j/development/lib/jetty-util-9.2.9.v20150224.jar
2016-11-18 14:53:50.878+0000 INFO  [o.n.k.i.DiagnosticsManager]  [classpath + loader.0] file:/home/todoroki-ubuntu/RubymineProjects/rails_sync_test/db/neo4j/development/lib/jackson-jaxrs-1.9.13.jar
2016-11-18 14:53:50.878+0000 INFO  [o.n.k.i.DiagnosticsManager]  [loader.1] file:/usr/lib/jvm/java-8-oracle/jre/lib/ext/cldrdata.jar
2016-11-18 14:53:50.878+0000 INFO  [o.n.k.i.DiagnosticsManager]  [classpath + loader.0] file:/home/todoroki-ubuntu/RubymineProjects/rails_sync_test/db/neo4j/development/plugins/*
2016-11-18 14:53:50.878+0000 INFO  [o.n.k.i.DiagnosticsManager]  [classpath + loader.0] file:/home/todoroki-ubuntu/RubymineProjects/rails_sync_test/db/neo4j/development/lib/neo4j-cypher-frontend-3.0-3.0.7.jar
2016-11-18 14:53:50.878+0000 INFO  [o.n.k.i.DiagnosticsManager]  [classpath + loader.0] file:/home/todoroki-ubuntu/RubymineProjects/rails_sync_test/db/neo4j/development/lib/neo4j-graph-algo-3.0.7.jar
2016-11-18 14:53:50.878+0000 INFO  [o.n.k.i.DiagnosticsManager]  [classpath + loader.0] file:/home/todoroki-ubuntu/RubymineProjects/rails_sync_test/db/neo4j/development/lib/netty-all-4.0.28.Final.jar
2016-11-18 14:53:50.878+0000 INFO  [o.n.k.i.DiagnosticsManager]  [loader.1] file:/usr/lib/jvm/java-8-oracle/jre/lib/ext/sunec.jar
2016-11-18 14:53:50.878+0000 INFO  [o.n.k.i.DiagnosticsManager]  [bootstrap] /usr/lib/jvm/java-8-oracle/jre/lib/charsets.jar
2016-11-18 14:53:50.878+0000 INFO  [o.n.k.i.DiagnosticsManager]  [classpath + loader.0] file:/home/todoroki-ubuntu/RubymineProjects/rails_sync_test/db/neo4j/development/lib/neo4j-cypher-compiler-2.3-2.3.7.jar
2016-11-18 14:53:50.878+0000 INFO  [o.n.k.i.DiagnosticsManager]  [classpath + loader.0] file:/home/todoroki-ubuntu/RubymineProjects/rails_sync_test/db/neo4j/development/lib/neo4j-lucene-index-3.0.7.jar
2016-11-18 14:53:50.878+0000 INFO  [o.n.k.i.DiagnosticsManager]  [classpath + loader.0] file:/home/todoroki-ubuntu/RubymineProjects/rails_sync_test/db/neo4j/development/lib/neo4j-import-tool-3.0.7.jar
2016-11-18 14:53:50.878+0000 INFO  [o.n.k.i.DiagnosticsManager]  [classpath + loader.0] file:/home/todoroki-ubuntu/RubymineProjects/rails_sync_test/db/neo4j/development/lib/neo4j-graphdb-api-3.0.7.jar
2016-11-18 14:53:50.878+0000 INFO  [o.n.k.i.DiagnosticsManager]  [classpath + loader.0] file:/home/todoroki-ubuntu/RubymineProjects/rails_sync_test/db/neo4j/development/lib/neo4j-shell-3.0.7.jar
2016-11-18 14:53:50.878+0000 INFO  [o.n.k.i.DiagnosticsManager]  [loader.1] file:/usr/lib/jvm/java-8-oracle/jre/lib/ext/sunjce_provider.jar
2016-11-18 14:53:50.879+0000 INFO  [o.n.k.i.DiagnosticsManager]  [classpath + loader.0] file:/home/todoroki-ubuntu/RubymineProjects/rails_sync_test/db/neo4j/development/lib/neo4j-common-3.0.7.jar
2016-11-18 14:53:50.879+0000 INFO  [o.n.k.i.DiagnosticsManager]  [classpath + loader.0] file:/home/todoroki-ubuntu/RubymineProjects/rails_sync_test/db/neo4j/development/lib/neo4j-jmx-3.0.7.jar
2016-11-18 14:53:50.879+0000 INFO  [o.n.k.i.DiagnosticsManager]  [bootstrap] /usr/lib/jvm/java-8-oracle/jre/classes
2016-11-18 14:53:50.879+0000 INFO  [o.n.k.i.DiagnosticsManager]  [classpath + loader.0] file:/home/todoroki-ubuntu/RubymineProjects/rails_sync_test/db/neo4j/development/lib/jetty-webapp-9.2.9.v20150224.jar
2016-11-18 14:53:50.879+0000 INFO  [o.n.k.i.DiagnosticsManager]  [classpath + loader.0] file:/home/todoroki-ubuntu/RubymineProjects/rails_sync_test/db/neo4j/development/lib/concurrentlinkedhashmap-lru-1.4.2.jar
2016-11-18 14:53:50.879+0000 INFO  [o.n.k.i.DiagnosticsManager]  [classpath + loader.0] file:/home/todoroki-ubuntu/RubymineProjects/rails_sync_test/db/neo4j/development/lib/commons-io-2.4.jar
2016-11-18 14:53:50.879+0000 INFO  [o.n.k.i.DiagnosticsManager]  [classpath + loader.0] file:/home/todoroki-ubuntu/RubymineProjects/rails_sync_test/db/neo4j/development/lib/neo4j-command-line-3.0.7.jar
2016-11-18 14:53:50.879+0000 INFO  [o.n.k.i.DiagnosticsManager]  [classpath + loader.0] file:/home/todoroki-ubuntu/RubymineProjects/rails_sync_test/db/neo4j/development/lib/neo4j-cypher-3.0.7.jar
2016-11-18 14:53:50.879+0000 INFO  [o.n.k.i.DiagnosticsManager]  [classpath + loader.0] file:/home/todoroki-ubuntu/RubymineProjects/rails_sync_test/db/neo4j/development/lib/parboiled-scala_2.11-1.1.7.jar
2016-11-18 14:53:50.879+0000 INFO  [o.n.k.i.DiagnosticsManager]  [classpath + loader.0] file:/home/todoroki-ubuntu/RubymineProjects/rails_sync_test/db/neo4j/development/lib/neo4j-security-3.0.7.jar
2016-11-18 14:53:50.879+0000 INFO  [o.n.k.i.DiagnosticsManager]  [loader.1] file:/usr/lib/jvm/java-8-oracle/jre/lib/ext/nashorn.jar
2016-11-18 14:53:50.879+0000 INFO  [o.n.k.i.DiagnosticsManager]  [loader.1] file:/usr/lib/jvm/java-8-oracle/jre/lib/ext/dnsns.jar
2016-11-18 14:53:50.879+0000 INFO  [o.n.k.i.DiagnosticsManager]  [classpath + loader.0] file:/home/todoroki-ubuntu/RubymineProjects/rails_sync_test/db/neo4j/development/lib/jersey-servlet-1.19.jar
2016-11-18 14:53:50.879+0000 INFO  [o.n.k.i.DiagnosticsManager]  [classpath + loader.0] file:/home/todoroki-ubuntu/RubymineProjects/rails_sync_test/db/neo4j/development/lib/jersey-core-1.19.jar
2016-11-18 14:53:50.879+0000 INFO  [o.n.k.i.DiagnosticsManager]  [classpath + loader.0] file:/home/todoroki-ubuntu/RubymineProjects/rails_sync_test/db/neo4j/development/lib/neo4j-browser-1.1.9.jar
2016-11-18 14:53:50.879+0000 INFO  [o.n.k.i.DiagnosticsManager]  [classpath + loader.0] file:/home/todoroki-ubuntu/RubymineProjects/rails_sync_test/db/neo4j/development/lib/neo4j-lucene-upgrade-3.0.7.jar
2016-11-18 14:53:50.879+0000 INFO  [o.n.k.i.DiagnosticsManager]  [bootstrap] /usr/lib/jvm/java-8-oracle/jre/lib/sunrsasign.jar
2016-11-18 14:53:50.879+0000 INFO  [o.n.k.i.DiagnosticsManager]  [bootstrap] /usr/lib/jvm/java-8-oracle/jre/lib/resources.jar
2016-11-18 14:53:50.879+0000 INFO  [o.n.k.i.DiagnosticsManager]  [classpath + loader.0] file:/home/todoroki-ubuntu/RubymineProjects/rails_sync_test/db/neo4j/development/lib/jline-2.12.jar
2016-11-18 14:53:50.879+0000 INFO  [o.n.k.i.DiagnosticsManager]  [loader.1] file:/usr/lib/jvm/java-8-oracle/jre/lib/ext/localedata.jar
2016-11-18 14:53:50.879+0000 INFO  [o.n.k.i.DiagnosticsManager]  [classpath + loader.0] file:/home/todoroki-ubuntu/RubymineProjects/rails_sync_test/db/neo4j/development/conf/
2016-11-18 14:53:50.879+0000 INFO  [o.n.k.i.DiagnosticsManager]  [classpath + loader.0] file:/home/todoroki-ubuntu/RubymineProjects/rails_sync_test/db/neo4j/development/lib/neo4j-cypher-compiler-3.0-3.0.7.jar
2016-11-18 14:53:50.879+0000 INFO  [o.n.k.i.DiagnosticsManager]  [classpath + loader.0] file:/home/todoroki-ubuntu/RubymineProjects/rails_sync_test/db/neo4j/development/lib/asm-5.0.2.jar
2016-11-18 14:53:50.879+0000 INFO  [o.n.k.i.DiagnosticsManager]  [classpath + loader.0] file:/home/todoroki-ubuntu/RubymineProjects/rails_sync_test/db/neo4j/development/lib/commons-beanutils-1.8.3.jar
2016-11-18 14:53:50.879+0000 INFO  [o.n.k.i.DiagnosticsManager]  [classpath + loader.0] file:/home/todoroki-ubuntu/RubymineProjects/rails_sync_test/db/neo4j/development/lib/commons-logging-1.1.1.jar
2016-11-18 14:53:50.879+0000 INFO  [o.n.k.i.DiagnosticsManager]  [classpath + loader.0] file:/home/todoroki-ubuntu/RubymineProjects/rails_sync_test/db/neo4j/development/lib/lucene-codecs-5.5.0.jar
2016-11-18 14:53:50.879+0000 INFO  [o.n.k.i.DiagnosticsManager] Library path:
2016-11-18 14:53:50.879+0000 INFO  [o.n.k.i.DiagnosticsManager] /opt/RubyMine/bin
2016-11-18 14:53:50.879+0000 INFO  [o.n.k.i.DiagnosticsManager] /home/todoroki-ubuntu/RubymineProjects/rails_sync_test
2016-11-18 14:53:50.879+0000 INFO  [o.n.k.i.DiagnosticsManager] /usr/java/packages/lib/amd64
2016-11-18 14:53:50.880+0000 INFO  [o.n.k.i.DiagnosticsManager] /usr/lib64
2016-11-18 14:53:50.880+0000 INFO  [o.n.k.i.DiagnosticsManager] /lib64
2016-11-18 14:53:50.880+0000 INFO  [o.n.k.i.DiagnosticsManager] /lib
2016-11-18 14:53:50.880+0000 INFO  [o.n.k.i.DiagnosticsManager] /usr/lib
2016-11-18 14:53:50.880+0000 INFO  [o.n.k.i.DiagnosticsManager] System.properties:
2016-11-18 14:53:50.880+0000 INFO  [o.n.k.i.DiagnosticsManager] sun.boot.library.path = /usr/lib/jvm/java-8-oracle/jre/lib/amd64
2016-11-18 14:53:50.880+0000 INFO  [o.n.k.i.DiagnosticsManager] path.separator = :
2016-11-18 14:53:50.880+0000 INFO  [o.n.k.i.DiagnosticsManager] file.encoding.pkg = sun.io
2016-11-18 14:53:50.880+0000 INFO  [o.n.k.i.DiagnosticsManager] user.country = JP
2016-11-18 14:53:50.880+0000 INFO  [o.n.k.i.DiagnosticsManager] sun.java.launcher = SUN_STANDARD
2016-11-18 14:53:50.880+0000 INFO  [o.n.k.i.DiagnosticsManager] sun.os.patch.level = unknown
2016-11-18 14:53:50.880+0000 INFO  [o.n.k.i.DiagnosticsManager] user.dir = /home/todoroki-ubuntu/RubymineProjects/rails_sync_test
2016-11-18 14:53:50.880+0000 INFO  [o.n.k.i.DiagnosticsManager] sun.jnu.encoding = UTF-8
2016-11-18 14:53:50.880+0000 INFO  [o.n.k.i.DiagnosticsManager] unsupported.dbms.udc.source = tarball
2016-11-18 14:53:50.880+0000 INFO  [o.n.k.i.DiagnosticsManager] sun.management.compiler = HotSpot 64-Bit Tiered Compilers
2016-11-18 14:53:50.880+0000 INFO  [o.n.k.i.DiagnosticsManager] user.home = /home/todoroki-ubuntu
2016-11-18 14:53:50.880+0000 INFO  [o.n.k.i.DiagnosticsManager] user.timezone = Asia/Tokyo
2016-11-18 14:53:50.880+0000 INFO  [o.n.k.i.DiagnosticsManager] file.encoding = UTF-8
2016-11-18 14:53:50.881+0000 INFO  [o.n.k.i.DiagnosticsManager] user.name = todoroki-ubuntu
2016-11-18 14:53:50.881+0000 INFO  [o.n.k.i.DiagnosticsManager] sun.java.command = org.neo4j.server.CommunityEntryPoint --home-dir=/home/todoroki-ubuntu/RubymineProjects/rails_sync_test/db/neo4j/development --config-dir=/home/todoroki-ubuntu/RubymineProjects/rails_sync_test/db/neo4j/development/conf
2016-11-18 14:53:50.881+0000 INFO  [o.n.k.i.DiagnosticsManager] sun.arch.data.model = 64
2016-11-18 14:53:50.881+0000 INFO  [o.n.k.i.DiagnosticsManager] user.language = ja
2016-11-18 14:53:50.881+0000 INFO  [o.n.k.i.DiagnosticsManager] awt.toolkit = sun.awt.X11.XToolkit
2016-11-18 14:53:50.881+0000 INFO  [o.n.k.i.DiagnosticsManager] jdk.tls.ephemeralDHKeySize = 2048
2016-11-18 14:53:50.881+0000 INFO  [o.n.k.i.DiagnosticsManager] file.separator = /
2016-11-18 14:53:50.881+0000 INFO  [o.n.k.i.DiagnosticsManager] sun.io.unicode.encoding = UnicodeLittle
2016-11-18 14:53:50.881+0000 INFO  [o.n.k.i.DiagnosticsManager] sun.cpu.endian = little
2016-11-18 14:53:50.881+0000 INFO  [o.n.k.i.DiagnosticsManager] sun.desktop = gnome
2016-11-18 14:53:50.881+0000 INFO  [o.n.k.i.DiagnosticsManager] sun.cpu.isalist = 
2016-11-18 14:53:50.881+0000 INFO  [o.n.k.i.DiagnosticsManager] Linux scheduler information:
2016-11-18 14:53:50.892+0000 INFO  [o.n.k.i.DiagnosticsManager] none
2016-11-18 14:53:50.892+0000 INFO  [o.n.k.i.DiagnosticsManager] none
2016-11-18 14:53:50.893+0000 INFO  [o.n.k.i.DiagnosticsManager] none
2016-11-18 14:53:50.893+0000 INFO  [o.n.k.i.DiagnosticsManager] none
2016-11-18 14:53:50.893+0000 INFO  [o.n.k.i.DiagnosticsManager] none
2016-11-18 14:53:50.893+0000 INFO  [o.n.k.i.DiagnosticsManager] none
2016-11-18 14:53:50.893+0000 INFO  [o.n.k.i.DiagnosticsManager] none
2016-11-18 14:53:50.893+0000 INFO  [o.n.k.i.DiagnosticsManager] none
2016-11-18 14:53:50.893+0000 INFO  [o.n.k.i.DiagnosticsManager] none
2016-11-18 14:53:50.893+0000 INFO  [o.n.k.i.DiagnosticsManager] none
2016-11-18 14:53:50.894+0000 INFO  [o.n.k.i.DiagnosticsManager] none
2016-11-18 14:53:50.894+0000 INFO  [o.n.k.i.DiagnosticsManager] none
2016-11-18 14:53:50.894+0000 INFO  [o.n.k.i.DiagnosticsManager] none
2016-11-18 14:53:50.894+0000 INFO  [o.n.k.i.DiagnosticsManager] none
2016-11-18 14:53:50.894+0000 INFO  [o.n.k.i.DiagnosticsManager] none
2016-11-18 14:53:50.894+0000 INFO  [o.n.k.i.DiagnosticsManager] none
2016-11-18 14:53:50.894+0000 INFO  [o.n.k.i.DiagnosticsManager] none
2016-11-18 14:53:50.894+0000 INFO  [o.n.k.i.DiagnosticsManager] none
2016-11-18 14:53:50.895+0000 INFO  [o.n.k.i.DiagnosticsManager] none
2016-11-18 14:53:50.895+0000 INFO  [o.n.k.i.DiagnosticsManager] none
2016-11-18 14:53:50.895+0000 INFO  [o.n.k.i.DiagnosticsManager] none
2016-11-18 14:53:50.895+0000 INFO  [o.n.k.i.DiagnosticsManager] none
2016-11-18 14:53:50.895+0000 INFO  [o.n.k.i.DiagnosticsManager] none
2016-11-18 14:53:50.895+0000 INFO  [o.n.k.i.DiagnosticsManager] none
2016-11-18 14:53:50.895+0000 INFO  [o.n.k.i.DiagnosticsManager] none
2016-11-18 14:53:50.895+0000 INFO  [o.n.k.i.DiagnosticsManager] Network information:
2016-11-18 14:53:50.896+0000 INFO  [o.n.k.i.DiagnosticsManager] Interface docker0:
2016-11-18 14:53:50.896+0000 INFO  [o.n.k.i.DiagnosticsManager]     address: 172.17.0.1
2016-11-18 14:53:50.897+0000 INFO  [o.n.k.i.DiagnosticsManager] Interface wlp5s0:
2016-11-18 14:53:50.897+0000 INFO  [o.n.k.i.DiagnosticsManager]     address: fe80:0:0:0:4685:ff:fe2c:d26%wlp5s0
2016-11-18 14:53:50.897+0000 INFO  [o.n.k.i.DiagnosticsManager]     address: 192.168.11.6
2016-11-18 14:53:50.897+0000 INFO  [o.n.k.i.DiagnosticsManager] Interface lo:
2016-11-18 14:53:50.897+0000 INFO  [o.n.k.i.DiagnosticsManager]     address: 0:0:0:0:0:0:0:1%lo
2016-11-18 14:53:50.897+0000 INFO  [o.n.k.i.DiagnosticsManager]     address: 127.0.0.1
2016-11-18 14:53:50.897+0000 INFO  [o.n.k.i.DiagnosticsManager] --- INITIALIZED diagnostics END ---
2016-11-18 14:53:51.416+0000 INFO  [o.n.b.v.r.Sessions] Bolt Server extension loaded.
2016-11-18 14:53:51.417+0000 INFO  [o.n.b.v.r.Sessions] Bolt enabled on localhost:7472.
2016-11-18 14:53:51.508+0000 INFO  [o.n.k.i.s.f.RecordFormatSelector] Selected format 'RecordFormat:StandardV3_0[v0.A.7]' for the new store
2016-11-18 14:53:52.209+0000 INFO  [o.n.k.a.i.l.LuceneLabelScanStore] No lucene scan store index found, this might just be first use. Preparing to rebuild.
2016-11-18 14:53:52.349+0000 INFO  [o.n.k.NeoStoreDataSource] Opened logical log [/home/todoroki-ubuntu/RubymineProjects/rails_sync_test/db/neo4j/development/data/databases/graph.db/neostore.transaction.db.0] version=0, lastTxId=1 (clean)
2016-11-18 14:53:52.357+0000 WARN  [o.n.k.i.s.MetaDataStore] Missing counts store, rebuilding it.
2016-11-18 14:53:52.465+0000 INFO  [o.n.k.a.i.l.LuceneLabelScanStore] Rebuilding lucene scan store, this may take a while
2016-11-18 14:53:52.480+0000 INFO  [o.n.k.a.i.l.LuceneLabelScanStore] Lucene scan store rebuilt (roughly 0 nodes)
2016-11-18 14:53:52.483+0000 INFO  [o.n.k.i.DatabaseHealth] Database health set to OK
2016-11-18 14:53:52.831+0000 INFO  [o.n.k.AvailabilityGuard] Fulfilling of requirement makes database available: Database available
2016-11-18 14:53:52.831+0000 INFO  [o.n.k.i.f.CommunityFacadeFactory] Database is now ready
2016-11-18 14:53:52.832+0000 INFO  [o.n.k.i.DiagnosticsManager] --- STARTED diagnostics for KernelDiagnostics:Versions START ---
2016-11-18 14:53:52.832+0000 INFO  [o.n.k.i.DiagnosticsManager] Graph Database: community single StoreId{creationTime=1479480832031, randomId=-3659890639411906697, storeVersion=15531981201765894, upgradeTime=1479480832031, upgradeId=1}
2016-11-18 14:53:52.832+0000 INFO  [o.n.k.i.DiagnosticsManager] Kernel version: 3.0.7,844933cd439bde936b04e66f1c0ca8d617794a0a
2016-11-18 14:53:52.832+0000 INFO  [o.n.k.i.DiagnosticsManager] --- STARTED diagnostics for KernelDiagnostics:Versions END ---
2016-11-18 14:53:52.833+0000 INFO  [o.n.k.i.DiagnosticsManager] --- STARTED diagnostics for NEO_STORE_VERSIONS START ---
2016-11-18 14:53:52.833+0000 INFO  [o.n.k.i.DiagnosticsManager] Store versions:
2016-11-18 14:53:52.833+0000 INFO  [o.n.k.i.DiagnosticsManager] Store versions:
2016-11-18 14:53:52.833+0000 INFO  [o.n.k.i.DiagnosticsManager]   ArrayPropertyStore v0.A.7
2016-11-18 14:53:52.834+0000 INFO  [o.n.k.i.DiagnosticsManager]   NodeStore v0.A.7
2016-11-18 14:53:52.834+0000 INFO  [o.n.k.i.DiagnosticsManager]   StringPropertyStore v0.A.7
2016-11-18 14:53:52.834+0000 INFO  [o.n.k.i.DiagnosticsManager]   PropertyIndexStore v0.A.7
2016-11-18 14:53:52.834+0000 INFO  [o.n.k.i.DiagnosticsManager]   StringPropertyStore v0.A.7
2016-11-18 14:53:52.834+0000 INFO  [o.n.k.i.DiagnosticsManager]   ArrayPropertyStore v0.A.7
2016-11-18 14:53:52.834+0000 INFO  [o.n.k.i.DiagnosticsManager]   PropertyStore v0.A.7
2016-11-18 14:53:52.834+0000 INFO  [o.n.k.i.DiagnosticsManager]   RelationshipStore v0.A.7
2016-11-18 14:53:52.834+0000 INFO  [o.n.k.i.DiagnosticsManager]   StringPropertyStore v0.A.7
2016-11-18 14:53:52.834+0000 INFO  [o.n.k.i.DiagnosticsManager]   RelationshipTypeStore v0.A.7
2016-11-18 14:53:52.834+0000 INFO  [o.n.k.i.DiagnosticsManager]   StringPropertyStore v0.A.7
2016-11-18 14:53:52.834+0000 INFO  [o.n.k.i.DiagnosticsManager]   LabelTokenStore v0.A.7
2016-11-18 14:53:52.834+0000 INFO  [o.n.k.i.DiagnosticsManager]   SchemaStore v0.A.7
2016-11-18 14:53:52.834+0000 INFO  [o.n.k.i.DiagnosticsManager]   RelationshipGroupStore v0.A.7
2016-11-18 14:53:52.834+0000 INFO  [o.n.k.i.DiagnosticsManager]   NeoStore v0.A.7
2016-11-18 14:53:52.834+0000 INFO  [o.n.k.i.DiagnosticsManager] --- STARTED diagnostics for NEO_STORE_VERSIONS END ---
2016-11-18 14:53:52.834+0000 INFO  [o.n.k.i.DiagnosticsManager] --- STARTED diagnostics for NEO_STORE_ID_USAGE START ---
2016-11-18 14:53:52.834+0000 INFO  [o.n.k.i.DiagnosticsManager] Id usage:
2016-11-18 14:53:52.834+0000 INFO  [o.n.k.i.DiagnosticsManager] Id usage:
2016-11-18 14:53:52.834+0000 INFO  [o.n.k.i.DiagnosticsManager]   ArrayPropertyStore: used=1 high=0
2016-11-18 14:53:52.835+0000 INFO  [o.n.k.i.DiagnosticsManager]   NodeStore: used=0 high=-1
2016-11-18 14:53:52.835+0000 INFO  [o.n.k.i.DiagnosticsManager]   StringPropertyStore: used=1 high=0
2016-11-18 14:53:52.835+0000 INFO  [o.n.k.i.DiagnosticsManager]   PropertyIndexStore: used=0 high=-1
2016-11-18 14:53:52.835+0000 INFO  [o.n.k.i.DiagnosticsManager]   StringPropertyStore: used=1 high=0
2016-11-18 14:53:52.835+0000 INFO  [o.n.k.i.DiagnosticsManager]   ArrayPropertyStore: used=1 high=0
2016-11-18 14:53:52.835+0000 INFO  [o.n.k.i.DiagnosticsManager]   PropertyStore: used=0 high=-1
2016-11-18 14:53:52.835+0000 INFO  [o.n.k.i.DiagnosticsManager]   RelationshipStore: used=0 high=-1
2016-11-18 14:53:52.835+0000 INFO  [o.n.k.i.DiagnosticsManager]   StringPropertyStore: used=1 high=0
2016-11-18 14:53:52.835+0000 INFO  [o.n.k.i.DiagnosticsManager]   RelationshipTypeStore: used=0 high=-1
2016-11-18 14:53:52.835+0000 INFO  [o.n.k.i.DiagnosticsManager]   StringPropertyStore: used=1 high=0
2016-11-18 14:53:52.835+0000 INFO  [o.n.k.i.DiagnosticsManager]   LabelTokenStore: used=0 high=-1
2016-11-18 14:53:52.836+0000 INFO  [o.n.k.i.DiagnosticsManager]   SchemaStore: used=1 high=0
2016-11-18 14:53:52.836+0000 INFO  [o.n.k.i.DiagnosticsManager]   RelationshipGroupStore: used=1 high=0
2016-11-18 14:53:52.836+0000 INFO  [o.n.k.i.DiagnosticsManager]   NeoStore: used=15 high=14
2016-11-18 14:53:52.836+0000 INFO  [o.n.k.i.DiagnosticsManager] --- STARTED diagnostics for NEO_STORE_ID_USAGE END ---
2016-11-18 14:53:52.836+0000 INFO  [o.n.k.i.DiagnosticsManager] --- STARTED diagnostics for NEO_STORE_RECORDS START ---
2016-11-18 14:53:52.836+0000 INFO  [o.n.k.i.DiagnosticsManager] Neostore records:
2016-11-18 14:53:52.837+0000 INFO  [o.n.k.i.DiagnosticsManager] TIME (Creation time): 1479480832031
2016-11-18 14:53:52.837+0000 INFO  [o.n.k.i.DiagnosticsManager] RANDOM_NUMBER (Random number for store id): -3659890639411906697
2016-11-18 14:53:52.837+0000 INFO  [o.n.k.i.DiagnosticsManager] LOG_VERSION (Current log version): 0
2016-11-18 14:53:52.837+0000 INFO  [o.n.k.i.DiagnosticsManager] LAST_TRANSACTION_ID (Last committed transaction): 1
2016-11-18 14:53:52.837+0000 INFO  [o.n.k.i.DiagnosticsManager] STORE_VERSION (Store format version): 15531981201765894
2016-11-18 14:53:52.837+0000 INFO  [o.n.k.i.DiagnosticsManager] FIRST_GRAPH_PROPERTY (First property record containing graph properties): -1
2016-11-18 14:53:52.837+0000 INFO  [o.n.k.i.DiagnosticsManager] LAST_CONSTRAINT_TRANSACTION (Last committed transaction containing constraint changes): 0
2016-11-18 14:53:52.837+0000 INFO  [o.n.k.i.DiagnosticsManager] UPGRADE_TRANSACTION_ID (Transaction id most recent upgrade was performed at): 1
2016-11-18 14:53:52.837+0000 INFO  [o.n.k.i.DiagnosticsManager] UPGRADE_TIME (Time of last upgrade): 1479480832031
2016-11-18 14:53:52.837+0000 INFO  [o.n.k.i.DiagnosticsManager] LAST_TRANSACTION_CHECKSUM (Checksum of last committed transaction): 0
2016-11-18 14:53:52.837+0000 INFO  [o.n.k.i.DiagnosticsManager] UPGRADE_TRANSACTION_CHECKSUM (Checksum of transaction id the most recent upgrade was performed at): 0
2016-11-18 14:53:52.837+0000 INFO  [o.n.k.i.DiagnosticsManager] LAST_CLOSED_TRANSACTION_LOG_VERSION (Log version where the last transaction commit entry has been written into): 0
2016-11-18 14:53:52.837+0000 INFO  [o.n.k.i.DiagnosticsManager] LAST_CLOSED_TRANSACTION_LOG_BYTE_OFFSET (Byte offset in the log file where the last transaction commit entry has been written into): 16
2016-11-18 14:53:52.837+0000 INFO  [o.n.k.i.DiagnosticsManager] LAST_TRANSACTION_COMMIT_TIMESTAMP (Commit time timestamp for last committed transaction): 0
2016-11-18 14:53:52.837+0000 INFO  [o.n.k.i.DiagnosticsManager] UPGRADE_TRANSACTION_COMMIT_TIMESTAMP (Commit timestamp of transaction the most recent upgrade was performed at): 0
2016-11-18 14:53:52.837+0000 INFO  [o.n.k.i.DiagnosticsManager] --- STARTED diagnostics for NEO_STORE_RECORDS END ---
2016-11-18 14:53:52.838+0000 INFO  [o.n.k.i.DiagnosticsManager] --- STARTED diagnostics for TRANSACTION_RANGE START ---
2016-11-18 14:53:52.839+0000 INFO  [o.n.k.i.DiagnosticsManager] Transaction log:
2016-11-18 14:53:52.839+0000 INFO  [o.n.k.i.DiagnosticsManager] No transactions found in any log
2016-11-18 14:53:52.839+0000 INFO  [o.n.k.i.DiagnosticsManager] --- STARTED diagnostics for TRANSACTION_RANGE END ---
2016-11-18 14:53:52.840+0000 INFO  [o.n.k.i.DiagnosticsManager] --- STARTED diagnostics for KernelDiagnostics:StoreFiles START ---
2016-11-18 14:53:52.840+0000 INFO  [o.n.k.i.DiagnosticsManager] Disk space on partition (Total / Free / Free %): 121227227136 / 25248043008 / 20
Storage files: (filename : modification date - size)
2016-11-18 14:53:52.841+0000 INFO  [o.n.k.i.DiagnosticsManager]   index:
2016-11-18 14:53:52.841+0000 INFO  [o.n.k.i.DiagnosticsManager]   - Total: 2016-11-18T23:53:52+0900 - 0.00 B
2016-11-18 14:53:52.841+0000 INFO  [o.n.k.i.DiagnosticsManager]   neostore: 2016-11-18T23:53:52+0900 - 8.00 kB
2016-11-18 14:53:52.841+0000 INFO  [o.n.k.i.DiagnosticsManager]   neostore.counts.db.a: 2016-11-18T23:53:52+0900 - 96.00 B
2016-11-18 14:53:52.841+0000 INFO  [o.n.k.i.DiagnosticsManager]   neostore.id: 2016-11-18T23:53:52+0900 - 9.00 B
2016-11-18 14:53:52.842+0000 INFO  [o.n.k.i.DiagnosticsManager]   neostore.labeltokenstore.db: 2016-11-18T23:53:51+0900 - 0.00 B
2016-11-18 14:53:52.842+0000 INFO  [o.n.k.i.DiagnosticsManager]   neostore.labeltokenstore.db.id: 2016-11-18T23:53:51+0900 - 9.00 B
2016-11-18 14:53:52.842+0000 INFO  [o.n.k.i.DiagnosticsManager]   neostore.labeltokenstore.db.names: 2016-11-18T23:53:51+0900 - 8.00 kB
2016-11-18 14:53:52.842+0000 INFO  [o.n.k.i.DiagnosticsManager]   neostore.labeltokenstore.db.names.id: 2016-11-18T23:53:51+0900 - 9.00 B
2016-11-18 14:53:52.842+0000 INFO  [o.n.k.i.DiagnosticsManager]   neostore.nodestore.db: 2016-11-18T23:53:51+0900 - 0.00 B
2016-11-18 14:53:52.842+0000 INFO  [o.n.k.i.DiagnosticsManager]   neostore.nodestore.db.id: 2016-11-18T23:53:51+0900 - 9.00 B
2016-11-18 14:53:52.842+0000 INFO  [o.n.k.i.DiagnosticsManager]   neostore.nodestore.db.labels: 2016-11-18T23:53:51+0900 - 8.00 kB
2016-11-18 14:53:52.843+0000 INFO  [o.n.k.i.DiagnosticsManager]   neostore.nodestore.db.labels.id: 2016-11-18T23:53:51+0900 - 9.00 B
2016-11-18 14:53:52.843+0000 INFO  [o.n.k.i.DiagnosticsManager]   neostore.propertystore.db: 2016-11-18T23:53:51+0900 - 0.00 B
2016-11-18 14:53:52.843+0000 INFO  [o.n.k.i.DiagnosticsManager]   neostore.propertystore.db.arrays: 2016-11-18T23:53:51+0900 - 8.00 kB
2016-11-18 14:53:52.843+0000 INFO  [o.n.k.i.DiagnosticsManager]   neostore.propertystore.db.arrays.id: 2016-11-18T23:53:51+0900 - 9.00 B
2016-11-18 14:53:52.843+0000 INFO  [o.n.k.i.DiagnosticsManager]   neostore.propertystore.db.id: 2016-11-18T23:53:51+0900 - 9.00 B
2016-11-18 14:53:52.843+0000 INFO  [o.n.k.i.DiagnosticsManager]   neostore.propertystore.db.index: 2016-11-18T23:53:51+0900 - 0.00 B
2016-11-18 14:53:52.843+0000 INFO  [o.n.k.i.DiagnosticsManager]   neostore.propertystore.db.index.id: 2016-11-18T23:53:51+0900 - 9.00 B
2016-11-18 14:53:52.844+0000 INFO  [o.n.k.i.DiagnosticsManager]   neostore.propertystore.db.index.keys: 2016-11-18T23:53:51+0900 - 8.00 kB
2016-11-18 14:53:52.844+0000 INFO  [o.n.k.i.DiagnosticsManager]   neostore.propertystore.db.index.keys.id: 2016-11-18T23:53:51+0900 - 9.00 B
2016-11-18 14:53:52.844+0000 INFO  [o.n.k.i.DiagnosticsManager]   neostore.propertystore.db.strings: 2016-11-18T23:53:51+0900 - 8.00 kB
2016-11-18 14:53:52.844+0000 INFO  [o.n.k.i.DiagnosticsManager]   neostore.propertystore.db.strings.id: 2016-11-18T23:53:51+0900 - 9.00 B
2016-11-18 14:53:52.844+0000 INFO  [o.n.k.i.DiagnosticsManager]   neostore.relationshipgroupstore.db: 2016-11-18T23:53:51+0900 - 8.00 kB
2016-11-18 14:53:52.844+0000 INFO  [o.n.k.i.DiagnosticsManager]   neostore.relationshipgroupstore.db.id: 2016-11-18T23:53:51+0900 - 9.00 B
2016-11-18 14:53:52.844+0000 INFO  [o.n.k.i.DiagnosticsManager]   neostore.relationshipstore.db: 2016-11-18T23:53:51+0900 - 0.00 B
2016-11-18 14:53:52.844+0000 INFO  [o.n.k.i.DiagnosticsManager]   neostore.relationshipstore.db.id: 2016-11-18T23:53:51+0900 - 9.00 B
2016-11-18 14:53:52.845+0000 INFO  [o.n.k.i.DiagnosticsManager]   neostore.relationshiptypestore.db: 2016-11-18T23:53:51+0900 - 0.00 B
2016-11-18 14:53:52.845+0000 INFO  [o.n.k.i.DiagnosticsManager]   neostore.relationshiptypestore.db.id: 2016-11-18T23:53:51+0900 - 9.00 B
2016-11-18 14:53:52.845+0000 INFO  [o.n.k.i.DiagnosticsManager]   neostore.relationshiptypestore.db.names: 2016-11-18T23:53:51+0900 - 8.00 kB
2016-11-18 14:53:52.845+0000 INFO  [o.n.k.i.DiagnosticsManager]   neostore.relationshiptypestore.db.names.id: 2016-11-18T23:53:51+0900 - 9.00 B
2016-11-18 14:53:52.845+0000 INFO  [o.n.k.i.DiagnosticsManager]   neostore.schemastore.db: 2016-11-18T23:53:51+0900 - 8.00 kB
2016-11-18 14:53:52.845+0000 INFO  [o.n.k.i.DiagnosticsManager]   neostore.schemastore.db.id: 2016-11-18T23:53:51+0900 - 9.00 B
2016-11-18 14:53:52.846+0000 INFO  [o.n.k.i.DiagnosticsManager]   neostore.transaction.db.0: 2016-11-18T23:53:52+0900 - 16.00 B
2016-11-18 14:53:52.846+0000 INFO  [o.n.k.i.DiagnosticsManager]   schema:
2016-11-18 14:53:52.846+0000 INFO  [o.n.k.i.DiagnosticsManager]     label:
2016-11-18 14:53:52.846+0000 INFO  [o.n.k.i.DiagnosticsManager]       lucene:
2016-11-18 14:53:52.846+0000 INFO  [o.n.k.i.DiagnosticsManager]         labelStore:
2016-11-18 14:53:52.846+0000 INFO  [o.n.k.i.DiagnosticsManager]           1:
2016-11-18 14:53:52.846+0000 INFO  [o.n.k.i.DiagnosticsManager]             write.lock: 2016-11-18T23:53:52+0900 - 0.00 B
2016-11-18 14:53:52.846+0000 INFO  [o.n.k.i.DiagnosticsManager]           - Total: 2016-11-18T23:53:52+0900 - 0.00 B
2016-11-18 14:53:52.846+0000 INFO  [o.n.k.i.DiagnosticsManager]           failure-message: 2016-11-18T23:53:52+0900 - 16.00 kB
2016-11-18 14:53:52.847+0000 INFO  [o.n.k.i.DiagnosticsManager]         - Total: 2016-11-18T23:53:52+0900 - 16.00 kB
2016-11-18 14:53:52.847+0000 INFO  [o.n.k.i.DiagnosticsManager]       - Total: 2016-11-18T23:53:52+0900 - 16.00 kB
2016-11-18 14:53:52.847+0000 INFO  [o.n.k.i.DiagnosticsManager]     - Total: 2016-11-18T23:53:52+0900 - 16.00 kB
2016-11-18 14:53:52.847+0000 INFO  [o.n.k.i.DiagnosticsManager]   - Total: 2016-11-18T23:53:52+0900 - 16.00 kB
2016-11-18 14:53:52.847+0000 INFO  [o.n.k.i.DiagnosticsManager]   store_lock: 2016-11-18T23:53:51+0900 - 0.00 B
2016-11-18 14:53:52.847+0000 INFO  [o.n.k.i.DiagnosticsManager] --- STARTED diagnostics for KernelDiagnostics:StoreFiles END ---
2016-11-18 14:53:54.226+0000 INFO  [o.n.k.i.DiagnosticsManager] --- SERVER STARTED START ---
2016-11-18 14:53:55.231+0000 INFO  [o.n.k.i.DiagnosticsManager] --- SERVER STARTED END ---
2016-11-18 16:26:06.450+0000 WARN  [o.n.k.i.c.MonitorGc] GC Monitor: Application threads blocked for 2108ms.
2016-11-19 01:35:15.444+0000 WARN  [o.n.k.i.c.MonitorGc] GC Monitor: Application threads blocked for 2195ms.
